<?xml version="1.0" encoding="UTF-8"?>
<testng-results total="1" passed="0" failed="1" skipped="0">
  <reporter-output>
    <line>
      <![CDATA[<div "featureFile">Feature File: loginPageTest.feature</div>]]>
    </line>
    <line>
      <![CDATA[<div "feature">Feature: Login test for internet.herokuapp</div>]]>
    </line>
    <line>
      <![CDATA[<div "scenarioOutline">Scenario Outline: Login test with different credentials</div>]]>
    </line>
    <line>
      <![CDATA[<div "result">When  I type user name=&quot;&lt;userName&gt;&quot; and password=&quot;&lt;password&gt;&quot; (failed : 0s)</div>]]>
    </line>
    <line>
      <![CDATA[<div "scenario">Scenario Outline: Login test with different credentials</div>]]>
    </line>
    <line>
      <![CDATA[<div "result">And  I click Login button (skipped)</div>]]>
    </line>
    <line>
      <![CDATA[<div "result">Then  &quot;&lt;url&gt;&quot; should open (skipped)</div>]]>
    </line>
    <line>
      <![CDATA[<div "result">Given  I am in internet.herokuapp login page &quot;https:&#x2F;&#x2F;the-internet.herokuapp.com&#x2F;login&quot; (skipped)</div>]]>
    </line>
    <line>
      <![CDATA[<div "result">When  I type user name=&quot;tomsmith&quot; and password=&quot;SuperSecretPassword!&quot; (failed : 0s)</div>]]>
    </line>
    <line>
      <![CDATA[<div "scenario">Scenario Outline: Login test with different credentials</div>]]>
    </line>
    <line>
      <![CDATA[<div "result">And  I click Login button (skipped)</div>]]>
    </line>
    <line>
      <![CDATA[<div "result">Then  &quot;&#x2F;secure&quot; should open (skipped)</div>]]>
    </line>
    <line>
      <![CDATA[<div "result">Given  I am in internet.herokuapp login page &quot;https:&#x2F;&#x2F;the-internet.herokuapp.com&#x2F;login&quot; (skipped)</div>]]>
    </line>
    <line>
      <![CDATA[<div "result">When  I type user name=&quot;&quot; and password=&quot;SuperSecretPassword!&quot; (failed : 0s)</div>]]>
    </line>
    <line>
      <![CDATA[<div "scenario">Scenario Outline: Login test with different credentials</div>]]>
    </line>
    <line>
      <![CDATA[<div "result">And  I click Login button (skipped)</div>]]>
    </line>
    <line>
      <![CDATA[<div "result">Then  &quot;&#x2F;login&quot; should open (skipped)</div>]]>
    </line>
    <line>
      <![CDATA[<div "result">Given  I am in internet.herokuapp login page &quot;https:&#x2F;&#x2F;the-internet.herokuapp.com&#x2F;login&quot; (skipped)</div>]]>
    </line>
    <line>
      <![CDATA[<div "result">When  I type user name=&quot;tomsmith&quot; and password=&quot;&quot; (failed : 0s)</div>]]>
    </line>
    <line>
      <![CDATA[<div "scenario">Scenario Outline: Login test with different credentials</div>]]>
    </line>
    <line>
      <![CDATA[<div "result">And  I click Login button (skipped)</div>]]>
    </line>
    <line>
      <![CDATA[<div "result">Then  &quot;&#x2F;login&quot; should open (skipped)</div>]]>
    </line>
    <line>
      <![CDATA[<div "result">Given  I am in internet.herokuapp login page &quot;https:&#x2F;&#x2F;the-internet.herokuapp.com&#x2F;login&quot; (skipped)</div>]]>
    </line>
    <line>
      <![CDATA[<div "result">When  I type user name=&quot;tomsmith&quot; and password=&quot;SuperSecretPassword&quot; (failed : 0s)</div>]]>
    </line>
    <line>
      <![CDATA[<div "scenario">Scenario Outline: Login test with different credentials</div>]]>
    </line>
    <line>
      <![CDATA[<div "result">And  I click Login button (skipped)</div>]]>
    </line>
    <line>
      <![CDATA[<div "result">Then  &quot;&#x2F;login&quot; should open (skipped)</div>]]>
    </line>
    <line>
      <![CDATA[<div "result">Given  I am in internet.herokuapp login page &quot;https:&#x2F;&#x2F;the-internet.herokuapp.com&#x2F;login&quot; (skipped)</div>]]>
    </line>
    <line>
      <![CDATA[<div "result">When  I type user name=&quot;tomsmith1&quot; and password=&quot;SuperSecretPassword!&quot; (failed : 0s)</div>]]>
    </line>
    <line>
      <![CDATA[<div "scenario">Scenario Outline: Login test with different credentials</div>]]>
    </line>
    <line>
      <![CDATA[<div "result">And  I click Login button (skipped)</div>]]>
    </line>
    <line>
      <![CDATA[<div "result">Then  &quot;&#x2F;login&quot; should open (skipped)</div>]]>
    </line>
    <line>
      <![CDATA[<div "result">Given  I am in internet.herokuapp login page &quot;https:&#x2F;&#x2F;the-internet.herokuapp.com&#x2F;login&quot; (skipped)</div>]]>
    </line>
    <line>
      <![CDATA[<div "result">When  I type user name=&quot;tomsmith1&quot; and password=&quot;SuperSecretPassword&quot; (failed : 0s)</div>]]>
    </line>
    <line>
      <![CDATA[<div "scenario">Scenario Outline: Login test with different credentials</div>]]>
    </line>
    <line>
      <![CDATA[<div "result">And  I click Login button (skipped)</div>]]>
    </line>
    <line>
      <![CDATA[<div "result">Then  &quot;&#x2F;login&quot; should open (skipped)</div>]]>
    </line>
    <line>
      <![CDATA[<div "result">Given  I am in internet.herokuapp login page &quot;https:&#x2F;&#x2F;the-internet.herokuapp.com&#x2F;login&quot; (skipped)</div>]]>
    </line>
  </reporter-output>
  <suite started-at="2020-10-27T00:12:28Z" name="Default suite" finished-at="2020-10-27T00:12:29Z" duration-ms="744">
    <groups>
      <group name="cucumber">
        <method signature="AbstractTestNGCucumberTests.run_cukes()[pri:0, instance:CucumberTestRunner.TestRunnerTestNG@305b7c14]" name="run_cukes" class="cucumber.api.testng.AbstractTestNGCucumberTests"/>
      </group> <!-- cucumber -->
    </groups>
    <test started-at="2020-10-27T00:12:28Z" name="Default test" finished-at="2020-10-27T00:12:29Z" duration-ms="744">
      <class name="CucumberTestRunner.TestRunnerTestNG">
        <test-method signature="run_cukes()[pri:0, instance:CucumberTestRunner.TestRunnerTestNG@305b7c14]" started-at="2020-10-26T20:12:28Z" name="run_cukes" description="Runs Cucumber Features" finished-at="2020-10-26T20:12:29Z" duration-ms="720" status="FAIL">
          <exception class="cucumber.runtime.CucumberException">
            <message>
              <![CDATA[java.lang.NullPointerException]]>
            </message>
            <full-stacktrace>
              <![CDATA[cucumber.runtime.CucumberException: java.lang.NullPointerException
	at cucumber.api.testng.TestNGCucumberRunner.runCukes(TestNGCucumberRunner.java:48)
	at cucumber.api.testng.AbstractTestNGCucumberTests.run_cukes(AbstractTestNGCucumberTests.java:14)
	at java.base/jdk.internal.reflect.NativeMethodAccessorImpl.invoke0(Native Method)
	at java.base/jdk.internal.reflect.NativeMethodAccessorImpl.invoke(NativeMethodAccessorImpl.java:62)
	at java.base/jdk.internal.reflect.DelegatingMethodAccessorImpl.invoke(DelegatingMethodAccessorImpl.java:43)
	at java.base/java.lang.reflect.Method.invoke(Method.java:566)
	at org.testng.internal.MethodInvocationHelper.invokeMethod(MethodInvocationHelper.java:80)
	at org.testng.internal.MethodInvocationHelper$1.runTestMethod(MethodInvocationHelper.java:182)
	at cucumber.api.testng.AbstractTestNGCucumberTests.run(AbstractTestNGCucumberTests.java:19)
	at java.base/jdk.internal.reflect.NativeMethodAccessorImpl.invoke0(Native Method)
	at java.base/jdk.internal.reflect.NativeMethodAccessorImpl.invoke(NativeMethodAccessorImpl.java:62)
	at java.base/jdk.internal.reflect.DelegatingMethodAccessorImpl.invoke(DelegatingMethodAccessorImpl.java:43)
	at java.base/java.lang.reflect.Method.invoke(Method.java:566)
	at org.testng.internal.MethodInvocationHelper.invokeHookable(MethodInvocationHelper.java:194)
	at org.testng.internal.Invoker.invokeMethod(Invoker.java:707)
	at org.testng.internal.Invoker.invokeTestMethod(Invoker.java:901)
	at org.testng.internal.Invoker.invokeTestMethods(Invoker.java:1231)
	at org.testng.internal.TestMethodWorker.invokeTestMethods(TestMethodWorker.java:127)
	at org.testng.internal.TestMethodWorker.run(TestMethodWorker.java:111)
	at org.testng.TestRunner.privateRun(TestRunner.java:767)
	at org.testng.TestRunner.run(TestRunner.java:617)
	at org.testng.SuiteRunner.runTest(SuiteRunner.java:334)
	at org.testng.SuiteRunner.runSequentially(SuiteRunner.java:329)
	at org.testng.SuiteRunner.privateRun(SuiteRunner.java:291)
	at org.testng.SuiteRunner.run(SuiteRunner.java:240)
	at org.testng.SuiteRunnerWorker.runSuite(SuiteRunnerWorker.java:52)
	at org.testng.SuiteRunnerWorker.run(SuiteRunnerWorker.java:86)
	at org.testng.TestNG.runSuitesSequentially(TestNG.java:1198)
	at org.testng.TestNG.runSuitesLocally(TestNG.java:1123)
	at org.testng.TestNG.run(TestNG.java:1031)
	at org.testng.remote.AbstractRemoteTestNG.run(AbstractRemoteTestNG.java:115)
	at org.testng.remote.RemoteTestNG.initAndRun(RemoteTestNG.java:251)
	at org.testng.remote.RemoteTestNG.main(RemoteTestNG.java:77)
Caused by: java.lang.NullPointerException
	at stepDefinitions.LoginTest.i_am_in_internet_herokuapp_login_page(LoginTest.java:19)
	at ✽.Given I am in internet.herokuapp login page "https://the-internet.herokuapp.com/login"(loginPageTest.feature:23)
]]>
            </full-stacktrace>
          </exception> <!-- cucumber.runtime.CucumberException -->
          <reporter-output>
            <line>
              <![CDATA[<div "featureFile">Feature File: loginPageTest.feature</div>]]>
            </line>
            <line>
              <![CDATA[<div "feature">Feature: Login test for internet.herokuapp</div>]]>
            </line>
            <line>
              <![CDATA[<div "scenarioOutline">Scenario Outline: Login test with different credentials</div>]]>
            </line>
            <line>
              <![CDATA[<div "result">When  I type user name=&quot;&lt;userName&gt;&quot; and password=&quot;&lt;password&gt;&quot; (failed : 0s)</div>]]>
            </line>
            <line>
              <![CDATA[<div "scenario">Scenario Outline: Login test with different credentials</div>]]>
            </line>
            <line>
              <![CDATA[<div "result">And  I click Login button (skipped)</div>]]>
            </line>
            <line>
              <![CDATA[<div "result">Then  &quot;&lt;url&gt;&quot; should open (skipped)</div>]]>
            </line>
            <line>
              <![CDATA[<div "result">Given  I am in internet.herokuapp login page &quot;https:&#x2F;&#x2F;the-internet.herokuapp.com&#x2F;login&quot; (skipped)</div>]]>
            </line>
            <line>
              <![CDATA[<div "result">When  I type user name=&quot;tomsmith&quot; and password=&quot;SuperSecretPassword!&quot; (failed : 0s)</div>]]>
            </line>
            <line>
              <![CDATA[<div "scenario">Scenario Outline: Login test with different credentials</div>]]>
            </line>
            <line>
              <![CDATA[<div "result">And  I click Login button (skipped)</div>]]>
            </line>
            <line>
              <![CDATA[<div "result">Then  &quot;&#x2F;secure&quot; should open (skipped)</div>]]>
            </line>
            <line>
              <![CDATA[<div "result">Given  I am in internet.herokuapp login page &quot;https:&#x2F;&#x2F;the-internet.herokuapp.com&#x2F;login&quot; (skipped)</div>]]>
            </line>
            <line>
              <![CDATA[<div "result">When  I type user name=&quot;&quot; and password=&quot;SuperSecretPassword!&quot; (failed : 0s)</div>]]>
            </line>
            <line>
              <![CDATA[<div "scenario">Scenario Outline: Login test with different credentials</div>]]>
            </line>
            <line>
              <![CDATA[<div "result">And  I click Login button (skipped)</div>]]>
            </line>
            <line>
              <![CDATA[<div "result">Then  &quot;&#x2F;login&quot; should open (skipped)</div>]]>
            </line>
            <line>
              <![CDATA[<div "result">Given  I am in internet.herokuapp login page &quot;https:&#x2F;&#x2F;the-internet.herokuapp.com&#x2F;login&quot; (skipped)</div>]]>
            </line>
            <line>
              <![CDATA[<div "result">When  I type user name=&quot;tomsmith&quot; and password=&quot;&quot; (failed : 0s)</div>]]>
            </line>
            <line>
              <![CDATA[<div "scenario">Scenario Outline: Login test with different credentials</div>]]>
            </line>
            <line>
              <![CDATA[<div "result">And  I click Login button (skipped)</div>]]>
            </line>
            <line>
              <![CDATA[<div "result">Then  &quot;&#x2F;login&quot; should open (skipped)</div>]]>
            </line>
            <line>
              <![CDATA[<div "result">Given  I am in internet.herokuapp login page &quot;https:&#x2F;&#x2F;the-internet.herokuapp.com&#x2F;login&quot; (skipped)</div>]]>
            </line>
            <line>
              <![CDATA[<div "result">When  I type user name=&quot;tomsmith&quot; and password=&quot;SuperSecretPassword&quot; (failed : 0s)</div>]]>
            </line>
            <line>
              <![CDATA[<div "scenario">Scenario Outline: Login test with different credentials</div>]]>
            </line>
            <line>
              <![CDATA[<div "result">And  I click Login button (skipped)</div>]]>
            </line>
            <line>
              <![CDATA[<div "result">Then  &quot;&#x2F;login&quot; should open (skipped)</div>]]>
            </line>
            <line>
              <![CDATA[<div "result">Given  I am in internet.herokuapp login page &quot;https:&#x2F;&#x2F;the-internet.herokuapp.com&#x2F;login&quot; (skipped)</div>]]>
            </line>
            <line>
              <![CDATA[<div "result">When  I type user name=&quot;tomsmith1&quot; and password=&quot;SuperSecretPassword!&quot; (failed : 0s)</div>]]>
            </line>
            <line>
              <![CDATA[<div "scenario">Scenario Outline: Login test with different credentials</div>]]>
            </line>
            <line>
              <![CDATA[<div "result">And  I click Login button (skipped)</div>]]>
            </line>
            <line>
              <![CDATA[<div "result">Then  &quot;&#x2F;login&quot; should open (skipped)</div>]]>
            </line>
            <line>
              <![CDATA[<div "result">Given  I am in internet.herokuapp login page &quot;https:&#x2F;&#x2F;the-internet.herokuapp.com&#x2F;login&quot; (skipped)</div>]]>
            </line>
            <line>
              <![CDATA[<div "result">When  I type user name=&quot;tomsmith1&quot; and password=&quot;SuperSecretPassword&quot; (failed : 0s)</div>]]>
            </line>
            <line>
              <![CDATA[<div "scenario">Scenario Outline: Login test with different credentials</div>]]>
            </line>
            <line>
              <![CDATA[<div "result">And  I click Login button (skipped)</div>]]>
            </line>
            <line>
              <![CDATA[<div "result">Then  &quot;&#x2F;login&quot; should open (skipped)</div>]]>
            </line>
            <line>
              <![CDATA[<div "result">Given  I am in internet.herokuapp login page &quot;https:&#x2F;&#x2F;the-internet.herokuapp.com&#x2F;login&quot; (skipped)</div>]]>
            </line>
          </reporter-output>
        </test-method> <!-- run_cukes -->
      </class> <!-- CucumberTestRunner.TestRunnerTestNG -->
    </test> <!-- Default test -->
  </suite> <!-- Default suite -->
</testng-results>
