<?xml version="1.0" encoding="UTF-8"?>
<testng-results total="1" passed="1" failed="0" skipped="0">
  <reporter-output>
  </reporter-output>
  <suite started-at="2020-10-28T01:05:53Z" name="Default suite" finished-at="2020-10-28T01:05:57Z" duration-ms="4116">
    <groups>
    </groups>
    <test started-at="2020-10-28T01:05:53Z" name="Default test" finished-at="2020-10-28T01:05:57Z" duration-ms="4116">
      <class name="APITest.loginLogOut_apiTest">
        <test-method signature="submitForm()[pri:0, instance:APITest.loginLogOut_apiTest@70325e14]" started-at="2020-10-27T21:05:53Z" name="submitForm" finished-at="2020-10-27T21:05:57Z" duration-ms="4093" status="PASS">
          <reporter-output>
          </reporter-output>
        </test-method> <!-- submitForm -->
      </class> <!-- APITest.loginLogOut_apiTest -->
    </test> <!-- Default test -->
  </suite> <!-- Default suite -->
</testng-results>
